<?xml version="1.0" encoding="UTF-8"?>
<!-- Generated by org.testng.reporters.JUnitReportReporter -->
<testsuite hostname="FR4CT4L" failures="0" tests="1" name="selenium.SiteTest" time="0.403" errors="0" timestamp="2022-08-09T10:08:01 CDT" skipped="0">
  <testcase classname="selenium.SiteTest" name="test" time="0.403"/>
  <system-out/>
</testsuite> <!-- selenium.SiteTest -->
